<?xml version="1.0" encoding="UTF-8"?>
<!-- Generated by org.testng.reporters.JUnitXMLReporter -->
<testsuite hostname="Bobs-MBP.fios-router.home" ignored="2" name="iPhone11" tests="5" failures="0" timestamp="2020-06-24T21:12:58 EDT" time="92.13" errors="0">
  <testcase name="invalidPassword" time="9.772" classname="com.qa.tests.LoginTests"/>
  <testcase name="invalidUserName" time="11.813" classname="com.qa.tests.LoginTests"/>
  <testcase name="succesfullLogin" time="11.95" classname="com.qa.tests.LoginTests"/>
  <testcase name="validateProductOnProductDetailsPage" time="9.08" classname="com.qa.tests.ProductTests"/>
  <testcase name="validateProductOnProductPage" time="5.753" classname="com.qa.tests.ProductTests"/>
  <testcase name="@AfterTest afterTest" time="0.0" classname="com.qa.BaseTest">
    <ignored/>
  </testcase> <!-- @AfterTest afterTest -->
  <testcase name="@BeforeTest beforeTest" time="0.0" classname="com.qa.BaseTest">
    <ignored/>
  </testcase> <!-- @BeforeTest beforeTest -->
</testsuite> <!-- iPhone11 -->
