<?xml version="1.0" encoding="UTF-8"?>
<!-- Generated by org.testng.reporters.JUnitXMLReporter -->
<testsuite hostname="Bobs-MBP.fios-router.home" ignored="2" name="Pixel_2" tests="5" failures="0" timestamp="2020-06-24T21:12:48 EDT" time="81.945" errors="0">
  <testcase name="invalidPassword" time="5.495" classname="com.qa.tests.LoginTests"/>
  <testcase name="invalidUserName" time="4.565" classname="com.qa.tests.LoginTests"/>
  <testcase name="succesfullLogin" time="6.474" classname="com.qa.tests.LoginTests"/>
  <testcase name="validateProductOnProductDetailsPage" time="7.757" classname="com.qa.tests.ProductTests"/>
  <testcase name="validateProductOnProductPage" time="2.816" classname="com.qa.tests.ProductTests"/>
  <testcase name="@AfterTest afterTest" time="0.0" classname="com.qa.BaseTest">
    <ignored/>
  </testcase> <!-- @AfterTest afterTest -->
  <testcase name="@BeforeTest beforeTest" time="0.0" classname="com.qa.BaseTest">
    <ignored/>
  </testcase> <!-- @BeforeTest beforeTest -->
</testsuite> <!-- Pixel_2 -->
