<?xml version="1.0" encoding="UTF-8"?>
<!-- Generated by org.testng.reporters.JUnitXMLReporter -->
<testsuite hostname="Bobs-MBP.fios-router.home" ignored="2" name="Test" tests="5" failures="0" timestamp="2020-06-22T11:22:15 EDT" time="73.071" errors="0">
  <testcase name="invalidPassword" time="6.671" classname="com.qa.tests.LoginTests"/>
  <testcase name="invalidUserName" time="5.331" classname="com.qa.tests.LoginTests"/>
  <testcase name="succesfullLogin" time="6.616" classname="com.qa.tests.LoginTests"/>
  <testcase name="validateProductOnProductDetailsPage" time="5.369" classname="com.qa.tests.ProductTests"/>
  <testcase name="validateProductOnProductPage" time="3.187" classname="com.qa.tests.ProductTests"/>
  <testcase name="@AfterTest afterTest" time="0.0" classname="com.qa.BaseTest">
    <ignored/>
  </testcase> <!-- @AfterTest afterTest -->
  <testcase name="@BeforeTest beforeTest" time="0.0" classname="com.qa.BaseTest">
    <ignored/>
  </testcase> <!-- @BeforeTest beforeTest -->
</testsuite> <!-- Test -->
