<?xml version="1.0" encoding="UTF-8"?>
<testng-results skipped="0" failed="0" ignored="0" total="3" passed="3">
  <reporter-output>
  </reporter-output>
  <suite name="Suite" duration-ms="45300" started-at="2020-06-23T13:37:07 EDT" finished-at="2020-06-23T13:37:52 EDT">
    <groups>
    </groups>
    <test name="Test" duration-ms="45300" started-at="2020-06-23T13:37:07 EDT" finished-at="2020-06-23T13:37:52 EDT">
      <class name="com.qa.tests.LoginTests">
        <test-method status="PASS" signature="beforeTest(java.lang.String, java.lang.String, java.lang.String, java.lang.String, java.lang.String)[pri:0, instance:com.qa.tests.LoginTests@543788f3]" name="beforeTest" is-config="true" duration-ms="12675" started-at="2020-06-23T13:37:07 EDT" finished-at="2020-06-23T13:37:20 EDT">
          <params>
            <param index="0">
              <value>
                <![CDATA[false]]>
              </value>
            </param>
            <param index="1">
              <value>
                <![CDATA[Android]]>
              </value>
            </param>
            <param index="2">
              <value>
                <![CDATA[7.0]]>
              </value>
            </param>
            <param index="3">
              <value>
                <![CDATA[1115fb32abd31d03]]>
              </value>
            </param>
            <param index="4">
              <value>
                <![CDATA[bob]]>
              </value>
            </param>
          </params>
          <reporter-output>
          </reporter-output>
        </test-method> <!-- beforeTest -->
        <test-method status="PASS" signature="beforeClass()[pri:0, instance:com.qa.tests.LoginTests@543788f3]" name="beforeClass" is-config="true" duration-ms="5914" started-at="2020-06-23T13:37:20 EDT" finished-at="2020-06-23T13:37:26 EDT">
          <reporter-output>
          </reporter-output>
        </test-method> <!-- beforeClass -->
        <test-method status="PASS" signature="beforeMethod()[pri:0, instance:com.qa.tests.LoginTests@543788f3]" name="beforeMethod" is-config="true" duration-ms="927" started-at="2020-06-23T13:37:26 EDT" finished-at="2020-06-23T13:37:27 EDT">
          <reporter-output>
          </reporter-output>
        </test-method> <!-- beforeMethod -->
        <test-method status="PASS" signature="beforeMethod(java.lang.reflect.Method)[pri:0, instance:com.qa.tests.LoginTests@543788f3]" name="beforeMethod" is-config="true" duration-ms="131" started-at="2020-06-23T13:37:27 EDT" finished-at="2020-06-23T13:37:27 EDT">
          <params>
            <param index="0">
              <value>
                <![CDATA[public void com.qa.tests.LoginTests.invalidPassword()]]>
              </value>
            </param>
          </params>
          <reporter-output>
          </reporter-output>
        </test-method> <!-- beforeMethod -->
        <test-method status="PASS" signature="invalidPassword()[pri:0, instance:com.qa.tests.LoginTests@543788f3]" name="invalidPassword" duration-ms="5672" started-at="2020-06-23T13:37:27 EDT" finished-at="2020-06-23T13:37:32 EDT">
          <reporter-output>
          </reporter-output>
        </test-method> <!-- invalidPassword -->
        <test-method status="PASS" signature="afterMethod()[pri:0, instance:com.qa.tests.LoginTests@543788f3]" name="afterMethod" is-config="true" duration-ms="1" started-at="2020-06-23T13:37:32 EDT" finished-at="2020-06-23T13:37:32 EDT">
          <reporter-output>
          </reporter-output>
        </test-method> <!-- afterMethod -->
        <test-method status="PASS" signature="afterMethod(org.testng.ITestResult)[pri:0, instance:com.qa.tests.LoginTests@543788f3]" name="afterMethod" is-config="true" duration-ms="1738" started-at="2020-06-23T13:37:32 EDT" finished-at="2020-06-23T13:37:34 EDT">
          <params>
            <param index="0">
              <value>
                <![CDATA[[TestResult name=invalidPassword status=SUCCESS method=LoginTests.invalidPassword()[pri:0, instance:com.qa.tests.LoginTests@543788f3] output={null}]]]>
              </value>
            </param>
          </params>
          <reporter-output>
          </reporter-output>
        </test-method> <!-- afterMethod -->
        <test-method status="PASS" signature="beforeMethod()[pri:0, instance:com.qa.tests.LoginTests@543788f3]" name="beforeMethod" is-config="true" duration-ms="1197" started-at="2020-06-23T13:37:34 EDT" finished-at="2020-06-23T13:37:35 EDT">
          <reporter-output>
          </reporter-output>
        </test-method> <!-- beforeMethod -->
        <test-method status="PASS" signature="beforeMethod(java.lang.reflect.Method)[pri:0, instance:com.qa.tests.LoginTests@543788f3]" name="beforeMethod" is-config="true" duration-ms="24" started-at="2020-06-23T13:37:35 EDT" finished-at="2020-06-23T13:37:35 EDT">
          <params>
            <param index="0">
              <value>
                <![CDATA[public void com.qa.tests.LoginTests.invalidUserName()]]>
              </value>
            </param>
          </params>
          <reporter-output>
          </reporter-output>
        </test-method> <!-- beforeMethod -->
        <test-method status="PASS" signature="invalidUserName()[pri:0, instance:com.qa.tests.LoginTests@543788f3]" name="invalidUserName" duration-ms="5044" started-at="2020-06-23T13:37:35 EDT" finished-at="2020-06-23T13:37:40 EDT">
          <reporter-output>
          </reporter-output>
        </test-method> <!-- invalidUserName -->
        <test-method status="PASS" signature="afterMethod(org.testng.ITestResult)[pri:0, instance:com.qa.tests.LoginTests@543788f3]" name="afterMethod" is-config="true" duration-ms="1737" started-at="2020-06-23T13:37:40 EDT" finished-at="2020-06-23T13:37:42 EDT">
          <params>
            <param index="0">
              <value>
                <![CDATA[[TestResult name=invalidUserName status=SUCCESS method=LoginTests.invalidUserName()[pri:0, instance:com.qa.tests.LoginTests@543788f3] output={null}]]]>
              </value>
            </param>
          </params>
          <reporter-output>
          </reporter-output>
        </test-method> <!-- afterMethod -->
        <test-method status="PASS" signature="afterMethod()[pri:0, instance:com.qa.tests.LoginTests@543788f3]" name="afterMethod" is-config="true" duration-ms="0" started-at="2020-06-23T13:37:40 EDT" finished-at="2020-06-23T13:37:40 EDT">
          <reporter-output>
          </reporter-output>
        </test-method> <!-- afterMethod -->
        <test-method status="PASS" signature="beforeMethod()[pri:0, instance:com.qa.tests.LoginTests@543788f3]" name="beforeMethod" is-config="true" duration-ms="1215" started-at="2020-06-23T13:37:42 EDT" finished-at="2020-06-23T13:37:43 EDT">
          <reporter-output>
          </reporter-output>
        </test-method> <!-- beforeMethod -->
        <test-method status="PASS" signature="beforeMethod(java.lang.reflect.Method)[pri:0, instance:com.qa.tests.LoginTests@543788f3]" name="beforeMethod" is-config="true" duration-ms="19" started-at="2020-06-23T13:37:43 EDT" finished-at="2020-06-23T13:37:43 EDT">
          <params>
            <param index="0">
              <value>
                <![CDATA[public void com.qa.tests.LoginTests.succesfullLogin()]]>
              </value>
            </param>
          </params>
          <reporter-output>
          </reporter-output>
        </test-method> <!-- beforeMethod -->
        <test-method status="PASS" signature="succesfullLogin()[pri:0, instance:com.qa.tests.LoginTests@543788f3]" name="succesfullLogin" duration-ms="6269" started-at="2020-06-23T13:37:43 EDT" finished-at="2020-06-23T13:37:50 EDT">
          <reporter-output>
          </reporter-output>
        </test-method> <!-- succesfullLogin -->
        <test-method status="PASS" signature="afterMethod()[pri:0, instance:com.qa.tests.LoginTests@543788f3]" name="afterMethod" is-config="true" duration-ms="1" started-at="2020-06-23T13:37:50 EDT" finished-at="2020-06-23T13:37:50 EDT">
          <reporter-output>
          </reporter-output>
        </test-method> <!-- afterMethod -->
        <test-method status="PASS" signature="afterMethod(org.testng.ITestResult)[pri:0, instance:com.qa.tests.LoginTests@543788f3]" name="afterMethod" is-config="true" duration-ms="1900" started-at="2020-06-23T13:37:50 EDT" finished-at="2020-06-23T13:37:52 EDT">
          <params>
            <param index="0">
              <value>
                <![CDATA[[TestResult name=succesfullLogin status=SUCCESS method=LoginTests.succesfullLogin()[pri:0, instance:com.qa.tests.LoginTests@543788f3] output={null}]]]>
              </value>
            </param>
          </params>
          <reporter-output>
          </reporter-output>
        </test-method> <!-- afterMethod -->
        <test-method status="PASS" signature="afterClass()[pri:0, instance:com.qa.tests.LoginTests@543788f3]" name="afterClass" is-config="true" duration-ms="0" started-at="2020-06-23T13:37:52 EDT" finished-at="2020-06-23T13:37:52 EDT">
          <reporter-output>
          </reporter-output>
        </test-method> <!-- afterClass -->
        <test-method status="PASS" signature="afterTest()[pri:0, instance:com.qa.tests.LoginTests@543788f3]" name="afterTest" is-config="true" duration-ms="808" started-at="2020-06-23T13:37:52 EDT" finished-at="2020-06-23T13:37:52 EDT">
          <reporter-output>
          </reporter-output>
        </test-method> <!-- afterTest -->
      </class> <!-- com.qa.tests.LoginTests -->
    </test> <!-- Test -->
  </suite> <!-- Suite -->
</testng-results>
